---
output: win32\winerror-h\error_ds_audit_failure\8625\index.html.json

title: 8625 ERROR_DS_AUDIT_FAILURE in winerror.h
description: A required audit event could not be generated for the operation.
disqus: true
---
{
  "area": "win32",
  "areaUrl": "/win32/",
  "source": "winerror.h",
  "sourceUrl": "/win32/winerror-h/",
  "code": "8625",
  "codeUrl": "/win32/winerror-h/error_ds_audit_failure/8625/",
  "numericCode": 8625,
  "define": "ERROR_DS_AUDIT_FAILURE",
  "defineUrl": "/win32/winerror-h/error_ds_audit_failure/",
  "message": "A required audit event could not be generated for the operation.",
  "remarks": null,
  "aka": [
    "0x800721b1",
    "-2147016271"
  ],
  "akaUrl": [
    "/win32/winerror-h/error_ds_audit_failure/0x800721b1/",
    "/win32/winerror-h/error_ds_audit_failure/-2147016271/"
  ],
  "originalCode": null,
  "originalCodeUrl": null
}
