---
output: bugcheck\bugcodes-h\crypto_self_test_failure\291\index.html.json
canonical: /bugcheck/bugcodes-h/crypto_self_test_failure/0x00000123/
title: 291 CRYPTO_SELF_TEST_FAILURE in bugcodes.h
description: CRYPTO_SELF_TEST_FAILURE
disqus: false
---
{
  "area": "bugcheck",
  "areaUrl": "/bugcheck/",
  "source": "bugcodes.h",
  "sourceUrl": "/bugcheck/bugcodes-h/",
  "code": "291",
  "codeUrl": "/bugcheck/bugcodes-h/crypto_self_test_failure/291/",
  "numericCode": 0,
  "define": "CRYPTO_SELF_TEST_FAILURE",
  "defineUrl": "/bugcheck/bugcodes-h/crypto_self_test_failure/",
  "message": "CRYPTO_SELF_TEST_FAILURE",
  "remarks": null,
  "aka": null,
  "akaUrl": null,
  "originalCode": "0x00000123",
  "originalCodeUrl": "/bugcheck/bugcodes-h/crypto_self_test_failure/0x00000123/"
}
