---
output: bugcheck\bugcodes-h\phase0_initialization_failed\0x00000031\index.html.json

title: 0x00000031 PHASE0_INITIALIZATION_FAILED in bugcodes.h
description: PHASE0_INITIALIZATION_FAILED
disqus: true
---
{
  "area": "bugcheck",
  "areaUrl": "/bugcheck/",
  "source": "bugcodes.h",
  "sourceUrl": "/bugcheck/bugcodes-h/",
  "code": "0x00000031",
  "codeUrl": "/bugcheck/bugcodes-h/phase0_initialization_failed/0x00000031/",
  "numericCode": 49,
  "define": "PHASE0_INITIALIZATION_FAILED",
  "defineUrl": "/bugcheck/bugcodes-h/phase0_initialization_failed/",
  "message": "PHASE0_INITIALIZATION_FAILED",
  "remarks": null,
  "aka": [
    "49"
  ],
  "akaUrl": [
    "/bugcheck/bugcodes-h/phase0_initialization_failed/49/"
  ],
  "originalCode": null,
  "originalCodeUrl": null
}
